[2015-08-27 15:25:34,855] DEBUG preRegister called. Server=com.sun.jmx.mbeanserver.JmxMBeanServer@25b0eadd, name=log4j:logger=state.change.logger (state.change.logger)
[2015-08-27 15:26:52,978] TRACE Controller 1 epoch 1 changed partition [dataiku-topic,0] state from NonExistentPartition to NewPartition with assigned replicas 1 (state.change.logger)
[2015-08-27 15:26:52,983] TRACE Controller 1 epoch 1 changed state of replica 1 for partition [dataiku-topic,0] from NonExistentReplica to NewReplica (state.change.logger)
[2015-08-27 15:26:53,065] TRACE Controller 1 epoch 1 changed partition [dataiku-topic,0] from NewPartition to OnlinePartition with leader 1 (state.change.logger)
[2015-08-27 15:26:53,067] TRACE Controller 1 epoch 1 sending become-leader LeaderAndIsr request (Leader:1,ISR:1,LeaderEpoch:0,ControllerEpoch:1) with correlationId 7 to broker 1 for partition [dataiku-topic,0] (state.change.logger)
[2015-08-27 15:26:53,069] TRACE Controller 1 epoch 1 sending UpdateMetadata request (Leader:1,ISR:1,LeaderEpoch:0,ControllerEpoch:1) with correlationId 7 to broker 1 for partition [dataiku-topic,0] (state.change.logger)
[2015-08-27 15:26:53,070] TRACE Controller 1 epoch 1 changed state of replica 1 for partition [dataiku-topic,0] from NewReplica to OnlineReplica (state.change.logger)
[2015-08-27 15:26:53,073] TRACE Broker 1 received LeaderAndIsr request (LeaderAndIsrInfo:(Leader:1,ISR:1,LeaderEpoch:0,ControllerEpoch:1),ReplicationFactor:1),AllReplicas:1) correlation id 7 from controller 1 epoch 1 for partition [dataiku-topic,0] (state.change.logger)
[2015-08-27 15:26:53,076] TRACE Broker 1 handling LeaderAndIsr request correlationId 7 from controller 1 epoch 1 starting the become-leader transition for partition [dataiku-topic,0] (state.change.logger)
[2015-08-27 15:26:53,078] TRACE Broker 1 stopped fetchers as part of become-leader request from controller 1 epoch 1 with correlation id 7 for partition [dataiku-topic,0] (state.change.logger)
[2015-08-27 15:26:53,104] TRACE Broker 1 completed LeaderAndIsr request correlationId 7 from controller 1 epoch 1 for the become-leader transition for partition [dataiku-topic,0] (state.change.logger)
[2015-08-27 15:26:53,109] TRACE Controller 1 epoch 1 received response LeaderAndIsrResponse(7,Map((dataiku-topic,0) -> 0),0) for a request sent to broker id:1,host:romain-Vostro-470,port:9093 (state.change.logger)
[2015-08-27 15:26:53,113] TRACE Broker 1 cached leader info (LeaderAndIsrInfo:(Leader:1,ISR:1,LeaderEpoch:0,ControllerEpoch:1),ReplicationFactor:1),AllReplicas:1) for partition [dataiku-topic,0] in response to UpdateMetadata request sent by controller 1 epoch 1 with correlation id 7 (state.change.logger)
[2015-08-27 15:26:53,114] TRACE Controller 1 epoch 1 received response UpdateMetadataResponse(7,0) for a request sent to broker id:1,host:romain-Vostro-470,port:9093 (state.change.logger)
[2015-08-27 15:27:03,315] TRACE Controller 1 epoch 1 sending UpdateMetadata request (Leader:1,ISR:1,LeaderEpoch:0,ControllerEpoch:1) with correlationId 9 to broker 2 for partition [dataiku-topic,0] (state.change.logger)
[2015-08-27 15:27:03,338] TRACE Broker 2 cached leader info (LeaderAndIsrInfo:(Leader:1,ISR:1,LeaderEpoch:0,ControllerEpoch:1),ReplicationFactor:1),AllReplicas:1) for partition [dataiku-topic,0] in response to UpdateMetadata request sent by controller 1 epoch 1 with correlation id 9 (state.change.logger)
[2015-08-27 15:27:03,350] TRACE Controller 1 epoch 1 received response UpdateMetadataResponse(9,0) for a request sent to broker id:2,host:romain-Vostro-470,port:9094 (state.change.logger)
[2015-08-27 15:27:05,262] TRACE Controller 1 epoch 1 sending UpdateMetadata request (Leader:1,ISR:1,LeaderEpoch:0,ControllerEpoch:1) with correlationId 11 to broker 3 for partition [dataiku-topic,0] (state.change.logger)
[2015-08-27 15:27:05,287] TRACE Broker 3 cached leader info (LeaderAndIsrInfo:(Leader:1,ISR:1,LeaderEpoch:0,ControllerEpoch:1),ReplicationFactor:1),AllReplicas:1) for partition [dataiku-topic,0] in response to UpdateMetadata request sent by controller 1 epoch 1 with correlation id 11 (state.change.logger)
[2015-08-27 15:27:05,300] TRACE Controller 1 epoch 1 received response UpdateMetadataResponse(11,0) for a request sent to broker id:3,host:romain-Vostro-470,port:9095 (state.change.logger)
[2015-08-27 15:27:27,371] TRACE Controller 1 epoch 1 changed partition [storm-topic,0] state from NonExistentPartition to NewPartition with assigned replicas 1,2 (state.change.logger)
[2015-08-27 15:27:27,377] TRACE Controller 1 epoch 1 changed partition [storm-topic,1] state from NonExistentPartition to NewPartition with assigned replicas 2,3 (state.change.logger)
[2015-08-27 15:27:27,379] TRACE Controller 1 epoch 1 changed state of replica 1 for partition [storm-topic,0] from NonExistentReplica to NewReplica (state.change.logger)
[2015-08-27 15:27:27,380] TRACE Controller 1 epoch 1 changed state of replica 2 for partition [storm-topic,0] from NonExistentReplica to NewReplica (state.change.logger)
[2015-08-27 15:27:27,381] TRACE Controller 1 epoch 1 changed state of replica 2 for partition [storm-topic,1] from NonExistentReplica to NewReplica (state.change.logger)
[2015-08-27 15:27:27,382] TRACE Controller 1 epoch 1 changed state of replica 3 for partition [storm-topic,1] from NonExistentReplica to NewReplica (state.change.logger)
[2015-08-27 15:27:27,463] TRACE Controller 1 epoch 1 changed partition [storm-topic,0] from NewPartition to OnlinePartition with leader 1 (state.change.logger)
[2015-08-27 15:27:27,531] TRACE Controller 1 epoch 1 changed partition [storm-topic,1] from NewPartition to OnlinePartition with leader 2 (state.change.logger)
[2015-08-27 15:27:27,531] TRACE Controller 1 epoch 1 sending become-follower LeaderAndIsr request (Leader:1,ISR:1,2,LeaderEpoch:0,ControllerEpoch:1) with correlationId 15 to broker 2 for partition [storm-topic,0] (state.change.logger)
[2015-08-27 15:27:27,532] TRACE Controller 1 epoch 1 sending become-leader LeaderAndIsr request (Leader:2,ISR:2,3,LeaderEpoch:0,ControllerEpoch:1) with correlationId 15 to broker 2 for partition [storm-topic,1] (state.change.logger)
[2015-08-27 15:27:27,533] TRACE Controller 1 epoch 1 sending become-leader LeaderAndIsr request (Leader:1,ISR:1,2,LeaderEpoch:0,ControllerEpoch:1) with correlationId 15 to broker 1 for partition [storm-topic,0] (state.change.logger)
[2015-08-27 15:27:27,533] TRACE Controller 1 epoch 1 sending become-follower LeaderAndIsr request (Leader:2,ISR:2,3,LeaderEpoch:0,ControllerEpoch:1) with correlationId 15 to broker 3 for partition [storm-topic,1] (state.change.logger)
[2015-08-27 15:27:27,534] TRACE Controller 1 epoch 1 sending UpdateMetadata request (Leader:1,ISR:1,2,LeaderEpoch:0,ControllerEpoch:1) with correlationId 15 to broker 2 for partition [storm-topic,0] (state.change.logger)
[2015-08-27 15:27:27,534] TRACE Broker 1 received LeaderAndIsr request (LeaderAndIsrInfo:(Leader:1,ISR:1,2,LeaderEpoch:0,ControllerEpoch:1),ReplicationFactor:2),AllReplicas:1,2) correlation id 15 from controller 1 epoch 1 for partition [storm-topic,0] (state.change.logger)
[2015-08-27 15:27:27,534] TRACE Controller 1 epoch 1 sending UpdateMetadata request (Leader:2,ISR:2,3,LeaderEpoch:0,ControllerEpoch:1) with correlationId 15 to broker 2 for partition [storm-topic,1] (state.change.logger)
[2015-08-27 15:27:27,534] TRACE Controller 1 epoch 1 sending UpdateMetadata request (Leader:1,ISR:1,2,LeaderEpoch:0,ControllerEpoch:1) with correlationId 15 to broker 1 for partition [storm-topic,0] (state.change.logger)
[2015-08-27 15:27:27,535] TRACE Controller 1 epoch 1 sending UpdateMetadata request (Leader:2,ISR:2,3,LeaderEpoch:0,ControllerEpoch:1) with correlationId 15 to broker 1 for partition [storm-topic,1] (state.change.logger)
[2015-08-27 15:27:27,535] TRACE Broker 1 handling LeaderAndIsr request correlationId 15 from controller 1 epoch 1 starting the become-leader transition for partition [storm-topic,0] (state.change.logger)
[2015-08-27 15:27:27,535] TRACE Controller 1 epoch 1 sending UpdateMetadata request (Leader:1,ISR:1,2,LeaderEpoch:0,ControllerEpoch:1) with correlationId 15 to broker 3 for partition [storm-topic,0] (state.change.logger)
[2015-08-27 15:27:27,535] TRACE Controller 1 epoch 1 sending UpdateMetadata request (Leader:2,ISR:2,3,LeaderEpoch:0,ControllerEpoch:1) with correlationId 15 to broker 3 for partition [storm-topic,1] (state.change.logger)
[2015-08-27 15:27:27,535] TRACE Broker 1 stopped fetchers as part of become-leader request from controller 1 epoch 1 with correlation id 15 for partition [storm-topic,0] (state.change.logger)
[2015-08-27 15:27:27,536] TRACE Controller 1 epoch 1 changed state of replica 1 for partition [storm-topic,0] from NewReplica to OnlineReplica (state.change.logger)
[2015-08-27 15:27:27,537] TRACE Controller 1 epoch 1 changed state of replica 2 for partition [storm-topic,0] from NewReplica to OnlineReplica (state.change.logger)
[2015-08-27 15:27:27,537] TRACE Controller 1 epoch 1 changed state of replica 2 for partition [storm-topic,1] from NewReplica to OnlineReplica (state.change.logger)
[2015-08-27 15:27:27,538] TRACE Controller 1 epoch 1 changed state of replica 3 for partition [storm-topic,1] from NewReplica to OnlineReplica (state.change.logger)
[2015-08-27 15:27:27,541] TRACE Broker 2 received LeaderAndIsr request (LeaderAndIsrInfo:(Leader:1,ISR:1,2,LeaderEpoch:0,ControllerEpoch:1),ReplicationFactor:2),AllReplicas:1,2) correlation id 15 from controller 1 epoch 1 for partition [storm-topic,0] (state.change.logger)
[2015-08-27 15:27:27,542] TRACE Broker 2 received LeaderAndIsr request (LeaderAndIsrInfo:(Leader:2,ISR:2,3,LeaderEpoch:0,ControllerEpoch:1),ReplicationFactor:2),AllReplicas:2,3) correlation id 15 from controller 1 epoch 1 for partition [storm-topic,1] (state.change.logger)
[2015-08-27 15:27:27,544] TRACE Broker 3 received LeaderAndIsr request (LeaderAndIsrInfo:(Leader:2,ISR:2,3,LeaderEpoch:0,ControllerEpoch:1),ReplicationFactor:2),AllReplicas:2,3) correlation id 15 from controller 1 epoch 1 for partition [storm-topic,1] (state.change.logger)
[2015-08-27 15:27:27,546] TRACE Broker 1 completed LeaderAndIsr request correlationId 15 from controller 1 epoch 1 for the become-leader transition for partition [storm-topic,0] (state.change.logger)
[2015-08-27 15:27:27,547] TRACE Controller 1 epoch 1 received response LeaderAndIsrResponse(15,Map((storm-topic,0) -> 0),0) for a request sent to broker id:1,host:romain-Vostro-470,port:9093 (state.change.logger)
[2015-08-27 15:27:27,549] TRACE Broker 1 cached leader info (LeaderAndIsrInfo:(Leader:1,ISR:1,2,LeaderEpoch:0,ControllerEpoch:1),ReplicationFactor:2),AllReplicas:1,2) for partition [storm-topic,0] in response to UpdateMetadata request sent by controller 1 epoch 1 with correlation id 15 (state.change.logger)
[2015-08-27 15:27:27,549] TRACE Broker 1 cached leader info (LeaderAndIsrInfo:(Leader:2,ISR:2,3,LeaderEpoch:0,ControllerEpoch:1),ReplicationFactor:2),AllReplicas:2,3) for partition [storm-topic,1] in response to UpdateMetadata request sent by controller 1 epoch 1 with correlation id 15 (state.change.logger)
[2015-08-27 15:27:27,550] TRACE Controller 1 epoch 1 received response UpdateMetadataResponse(15,0) for a request sent to broker id:1,host:romain-Vostro-470,port:9093 (state.change.logger)
[2015-08-27 15:27:27,553] TRACE Broker 3 handling LeaderAndIsr request correlationId 15 from controller 1 epoch 1 starting the become-follower transition for partition [storm-topic,1] (state.change.logger)
[2015-08-27 15:27:27,554] TRACE Broker 2 handling LeaderAndIsr request correlationId 15 from controller 1 epoch 1 starting the become-leader transition for partition [storm-topic,1] (state.change.logger)
[2015-08-27 15:27:27,557] TRACE Broker 2 stopped fetchers as part of become-leader request from controller 1 epoch 1 with correlation id 15 for partition [storm-topic,1] (state.change.logger)
[2015-08-27 15:27:27,600] TRACE Broker 3 stopped fetchers as part of become-follower request from controller 1 epoch 1 with correlation id 15 for partition [storm-topic,1] (state.change.logger)
[2015-08-27 15:27:27,608] TRACE Broker 2 completed LeaderAndIsr request correlationId 15 from controller 1 epoch 1 for the become-leader transition for partition [storm-topic,1] (state.change.logger)
[2015-08-27 15:27:27,608] TRACE Broker 2 handling LeaderAndIsr request correlationId 15 from controller 1 epoch 1 starting the become-follower transition for partition [storm-topic,0] (state.change.logger)
[2015-08-27 15:27:27,622] TRACE Broker 2 stopped fetchers as part of become-follower request from controller 1 epoch 1 with correlation id 15 for partition [storm-topic,0] (state.change.logger)
[2015-08-27 15:27:27,663] TRACE Broker 3 truncated logs and checkpointed recovery boundaries for partition [storm-topic,1] as part of become-follower request with correlation id 15 from controller 1 epoch 1 (state.change.logger)
[2015-08-27 15:27:27,677] TRACE Broker 2 truncated logs and checkpointed recovery boundaries for partition [storm-topic,0] as part of become-follower request with correlation id 15 from controller 1 epoch 1 (state.change.logger)
[2015-08-27 15:27:27,686] TRACE Broker 3 started fetcher to new leader as part of become-follower request from controller 1 epoch 1 with correlation id 15 for partition [storm-topic,1] (state.change.logger)
[2015-08-27 15:27:27,687] TRACE Broker 3 completed LeaderAndIsr request correlationId 15 from controller 1 epoch 1 for the become-follower transition for partition [storm-topic,1] (state.change.logger)
[2015-08-27 15:27:27,692] TRACE Controller 1 epoch 1 received response LeaderAndIsrResponse(15,Map((storm-topic,1) -> 0),0) for a request sent to broker id:3,host:romain-Vostro-470,port:9095 (state.change.logger)
[2015-08-27 15:27:27,693] TRACE Broker 3 cached leader info (LeaderAndIsrInfo:(Leader:1,ISR:1,2,LeaderEpoch:0,ControllerEpoch:1),ReplicationFactor:2),AllReplicas:1,2) for partition [storm-topic,0] in response to UpdateMetadata request sent by controller 1 epoch 1 with correlation id 15 (state.change.logger)
[2015-08-27 15:27:27,693] TRACE Broker 3 cached leader info (LeaderAndIsrInfo:(Leader:2,ISR:2,3,LeaderEpoch:0,ControllerEpoch:1),ReplicationFactor:2),AllReplicas:2,3) for partition [storm-topic,1] in response to UpdateMetadata request sent by controller 1 epoch 1 with correlation id 15 (state.change.logger)
[2015-08-27 15:27:27,694] TRACE Controller 1 epoch 1 received response UpdateMetadataResponse(15,0) for a request sent to broker id:3,host:romain-Vostro-470,port:9095 (state.change.logger)
[2015-08-27 15:27:27,698] TRACE Broker 2 started fetcher to new leader as part of become-follower request from controller 1 epoch 1 with correlation id 15 for partition [storm-topic,0] (state.change.logger)
[2015-08-27 15:27:27,699] TRACE Broker 2 completed LeaderAndIsr request correlationId 15 from controller 1 epoch 1 for the become-follower transition for partition [storm-topic,0] (state.change.logger)
[2015-08-27 15:27:27,702] TRACE Controller 1 epoch 1 received response LeaderAndIsrResponse(15,Map((storm-topic,0) -> 0, (storm-topic,1) -> 0),0) for a request sent to broker id:2,host:romain-Vostro-470,port:9094 (state.change.logger)
[2015-08-27 15:27:27,704] TRACE Broker 2 cached leader info (LeaderAndIsrInfo:(Leader:1,ISR:1,2,LeaderEpoch:0,ControllerEpoch:1),ReplicationFactor:2),AllReplicas:1,2) for partition [storm-topic,0] in response to UpdateMetadata request sent by controller 1 epoch 1 with correlation id 15 (state.change.logger)
[2015-08-27 15:27:27,704] TRACE Broker 2 cached leader info (LeaderAndIsrInfo:(Leader:2,ISR:2,3,LeaderEpoch:0,ControllerEpoch:1),ReplicationFactor:2),AllReplicas:2,3) for partition [storm-topic,1] in response to UpdateMetadata request sent by controller 1 epoch 1 with correlation id 15 (state.change.logger)
[2015-08-27 15:27:27,705] TRACE Controller 1 epoch 1 received response UpdateMetadataResponse(15,0) for a request sent to broker id:2,host:romain-Vostro-470,port:9094 (state.change.logger)
